{"C:/Users/Alejandro Acuaviva/OneDrive/Escritorio/marvel/src/adapters/characters.adapter.ts": {"path":"C:/Users/Alejandro Acuaviva/OneDrive/Escritorio/marvel/src/adapters/characters.adapter.ts","statementMap":{"0":{"start":{"line":5,"column":36},"end":{"line":28,"column":2}},"1":{"start":{"line":6,"column":19},"end":{"line":7,"column":null}},"2":{"start":{"line":16,"column":35},"end":{"line":24,"column":null}},"3":{"start":{"line":17,"column":22},"end":{"line":24,"column":null}},"4":{"start":{"line":27,"column":2},"end":{"line":27,"column":null}},"5":{"start":{"line":30,"column":42},"end":{"line":46,"column":2}},"6":{"start":{"line":31,"column":19},"end":{"line":32,"column":null}},"7":{"start":{"line":35,"column":15},"end":{"line":35,"column":44}},"8":{"start":{"line":37,"column":2},"end":{"line":45,"column":null}}},"fnMap":{"0":{"name":"(anonymous_0)","decl":{"start":{"line":5,"column":36},"end":{"line":5,"column":null}},"loc":{"start":{"line":5,"column":36},"end":{"line":28,"column":2}}},"1":{"name":"(anonymous_1)","decl":{"start":{"line":17,"column":4},"end":{"line":17,"column":5}},"loc":{"start":{"line":17,"column":22},"end":{"line":24,"column":null}}},"2":{"name":"(anonymous_2)","decl":{"start":{"line":30,"column":42},"end":{"line":30,"column":49}},"loc":{"start":{"line":30,"column":49},"end":{"line":46,"column":2}}}},"branchMap":{"0":{"loc":{"start":{"line":21,"column":8},"end":{"line":23,"column":null}},"type":"cond-expr","locations":[{"start":{"line":22,"column":12},"end":{"line":22,"column":58}},{"start":{"line":23,"column":12},"end":{"line":23,"column":null}}]},"1":{"loc":{"start":{"line":21,"column":8},"end":{"line":21,"column":49}},"type":"binary-expr","locations":[{"start":{"line":21,"column":8},"end":{"line":21,"column":24}},{"start":{"line":21,"column":28},"end":{"line":21,"column":49}}]},"2":{"loc":{"start":{"line":42,"column":6},"end":{"line":44,"column":null}},"type":"cond-expr","locations":[{"start":{"line":43,"column":10},"end":{"line":43,"column":62}},{"start":{"line":44,"column":10},"end":{"line":44,"column":null}}]},"3":{"loc":{"start":{"line":42,"column":6},"end":{"line":42,"column":53}},"type":"binary-expr","locations":[{"start":{"line":42,"column":6},"end":{"line":42,"column":25}},{"start":{"line":42,"column":29},"end":{"line":42,"column":53}}]}},"s":{"0":3,"1":3,"2":2,"3":8,"4":2,"5":3,"6":4,"7":3,"8":3},"f":{"0":3,"1":8,"2":4},"b":{"0":[6,2],"1":[8,6],"2":[2,1],"3":[3,2]}}
,"C:/Users/Alejandro Acuaviva/OneDrive/Escritorio/marvel/src/adapters/comics.adapter.ts": {"path":"C:/Users/Alejandro Acuaviva/OneDrive/Escritorio/marvel/src/adapters/comics.adapter.ts","statementMap":{"0":{"start":{"line":5,"column":43},"end":{"line":27,"column":2}},"1":{"start":{"line":6,"column":19},"end":{"line":7,"column":null}},"2":{"start":{"line":16,"column":27},"end":{"line":20,"column":null}},"3":{"start":{"line":16,"column":76},"end":{"line":20,"column":null}},"4":{"start":{"line":19,"column":39},"end":{"line":19,"column":65}},"5":{"start":{"line":22,"column":2},"end":{"line":24,"column":null}},"6":{"start":{"line":23,"column":4},"end":{"line":23,"column":null}},"7":{"start":{"line":26,"column":2},"end":{"line":26,"column":null}}},"fnMap":{"0":{"name":"(anonymous_0)","decl":{"start":{"line":5,"column":43},"end":{"line":5,"column":50}},"loc":{"start":{"line":5,"column":50},"end":{"line":27,"column":2}}},"1":{"name":"(anonymous_1)","decl":{"start":{"line":16,"column":58},"end":{"line":16,"column":59}},"loc":{"start":{"line":16,"column":76},"end":{"line":20,"column":null}}},"2":{"name":"(anonymous_2)","decl":{"start":{"line":19,"column":32},"end":{"line":19,"column":33}},"loc":{"start":{"line":19,"column":39},"end":{"line":19,"column":65}}},"3":{"name":"(anonymous_3)","decl":{"start":{"line":22,"column":14},"end":{"line":22,"column":15}},"loc":{"start":{"line":22,"column":26},"end":{"line":24,"column":null}}}},"branchMap":{"0":{"loc":{"start":{"line":19,"column":19},"end":{"line":19,"column":null}},"type":"binary-expr","locations":[{"start":{"line":19,"column":19},"end":{"line":19,"column":73}},{"start":{"line":19,"column":73},"end":{"line":19,"column":null}}]}},"s":{"0":2,"1":4,"2":3,"3":9,"4":15,"5":3,"6":6,"7":3},"f":{"0":4,"1":9,"2":15,"3":6},"b":{"0":[9,3]}}
,"C:/Users/Alejandro Acuaviva/OneDrive/Escritorio/marvel/src/constants/api.ts": {"path":"C:/Users/Alejandro Acuaviva/OneDrive/Escritorio/marvel/src/constants/api.ts","statementMap":{"0":{"start":{"line":1,"column":31},"end":{"line":1,"column":114}}},"fnMap":{},"branchMap":{},"s":{"0":3},"f":{},"b":{}}
,"C:/Users/Alejandro Acuaviva/OneDrive/Escritorio/marvel/src/frameworks/api/axiosClient.ts": {"path":"C:/Users/Alejandro Acuaviva/OneDrive/Escritorio/marvel/src/frameworks/api/axiosClient.ts","statementMap":{"0":{"start":{"line":3,"column":27},"end":{"line":3,"column":42}},"1":{"start":{"line":5,"column":0},"end":{"line":8,"column":null}},"2":{"start":{"line":6,"column":2},"end":{"line":6,"column":null}},"3":{"start":{"line":7,"column":2},"end":{"line":7,"column":null}}},"fnMap":{"0":{"name":"(anonymous_0)","decl":{"start":{"line":5,"column":37},"end":{"line":5,"column":38}},"loc":{"start":{"line":5,"column":38},"end":{"line":8,"column":null}}}},"branchMap":{},"s":{"0":3,"1":3,"2":3,"3":3},"f":{"0":3},"b":{}}
,"C:/Users/Alejandro Acuaviva/OneDrive/Escritorio/marvel/src/frameworks/tanstackQuery/useGetCharacterDetailsQuery.ts": {"path":"C:/Users/Alejandro Acuaviva/OneDrive/Escritorio/marvel/src/frameworks/tanstackQuery/useGetCharacterDetailsQuery.ts","statementMap":{"0":{"start":{"line":5,"column":43},"end":{"line":19,"column":2}},"1":{"start":{"line":6,"column":26},"end":{"line":6,"column":null}},"2":{"start":{"line":8,"column":49},"end":{"line":11,"column":null}},"3":{"start":{"line":10,"column":19},"end":{"line":10,"column":null}},"4":{"start":{"line":13,"column":2},"end":{"line":18,"column":null}}},"fnMap":{"0":{"name":"(anonymous_0)","decl":{"start":{"line":5,"column":43},"end":{"line":5,"column":null}},"loc":{"start":{"line":5,"column":43},"end":{"line":19,"column":2}}},"1":{"name":"(anonymous_1)","decl":{"start":{"line":10,"column":13},"end":{"line":10,"column":19}},"loc":{"start":{"line":10,"column":19},"end":{"line":10,"column":null}}}},"branchMap":{"0":{"loc":{"start":{"line":10,"column":46},"end":{"line":10,"column":null}},"type":"binary-expr","locations":[{"start":{"line":10,"column":46},"end":{"line":10,"column":61}},{"start":{"line":10,"column":61},"end":{"line":10,"column":null}}]}},"s":{"0":2,"1":7,"2":7,"3":4,"4":7},"f":{"0":7,"1":4},"b":{"0":[4,3]}}
,"C:/Users/Alejandro Acuaviva/OneDrive/Escritorio/marvel/src/frameworks/tanstackQuery/useGetCharactersQuery.ts": {"path":"C:/Users/Alejandro Acuaviva/OneDrive/Escritorio/marvel/src/frameworks/tanstackQuery/useGetCharactersQuery.ts","statementMap":{"0":{"start":{"line":4,"column":37},"end":{"line":16,"column":2}},"1":{"start":{"line":5,"column":49},"end":{"line":8,"column":null}},"2":{"start":{"line":10,"column":2},"end":{"line":15,"column":null}}},"fnMap":{"0":{"name":"(anonymous_0)","decl":{"start":{"line":4,"column":37},"end":{"line":4,"column":null}},"loc":{"start":{"line":4,"column":37},"end":{"line":16,"column":2}}}},"branchMap":{},"s":{"0":2,"1":5,"2":5},"f":{"0":5},"b":{}}
,"C:/Users/Alejandro Acuaviva/OneDrive/Escritorio/marvel/src/frameworks/tanstackQuery/useGetComicsByCharacterQuery.ts": {"path":"C:/Users/Alejandro Acuaviva/OneDrive/Escritorio/marvel/src/frameworks/tanstackQuery/useGetComicsByCharacterQuery.ts","statementMap":{"0":{"start":{"line":5,"column":44},"end":{"line":19,"column":2}},"1":{"start":{"line":6,"column":26},"end":{"line":6,"column":null}},"2":{"start":{"line":8,"column":49},"end":{"line":11,"column":null}},"3":{"start":{"line":10,"column":19},"end":{"line":10,"column":null}},"4":{"start":{"line":13,"column":2},"end":{"line":18,"column":null}}},"fnMap":{"0":{"name":"(anonymous_0)","decl":{"start":{"line":5,"column":44},"end":{"line":5,"column":null}},"loc":{"start":{"line":5,"column":44},"end":{"line":19,"column":2}}},"1":{"name":"(anonymous_1)","decl":{"start":{"line":10,"column":13},"end":{"line":10,"column":19}},"loc":{"start":{"line":10,"column":19},"end":{"line":10,"column":null}}}},"branchMap":{"0":{"loc":{"start":{"line":10,"column":47},"end":{"line":10,"column":null}},"type":"binary-expr","locations":[{"start":{"line":10,"column":47},"end":{"line":10,"column":62}},{"start":{"line":10,"column":62},"end":{"line":10,"column":null}}]}},"s":{"0":2,"1":7,"2":7,"3":4,"4":7},"f":{"0":7,"1":4},"b":{"0":[4,3]}}
,"C:/Users/Alejandro Acuaviva/OneDrive/Escritorio/marvel/src/frameworks/ui/App.tsx": {"path":"C:/Users/Alejandro Acuaviva/OneDrive/Escritorio/marvel/src/frameworks/ui/App.tsx","statementMap":{"0":{"start":{"line":5,"column":16},"end":{"line":11,"column":null}}},"fnMap":{"0":{"name":"(anonymous_0)","decl":{"start":{"line":5,"column":16},"end":{"line":5,"column":null}},"loc":{"start":{"line":5,"column":16},"end":{"line":11,"column":null}}}},"branchMap":{},"s":{"0":1},"f":{"0":2},"b":{}}
,"C:/Users/Alejandro Acuaviva/OneDrive/Escritorio/marvel/src/frameworks/ui/components/AppProvider/AppProviderTest.tsx": {"path":"C:/Users/Alejandro Acuaviva/OneDrive/Escritorio/marvel/src/frameworks/ui/components/AppProvider/AppProviderTest.tsx","statementMap":{"0":{"start":{"line":13,"column":5},"end":{"line":50,"column":2}},"1":{"start":{"line":14,"column":38},"end":{"line":19,"column":null}},"2":{"start":{"line":21,"column":22},"end":{"line":23,"column":null}}},"fnMap":{"0":{"name":"(anonymous_0)","decl":{"start":{"line":13,"column":5},"end":{"line":13,"column":6}},"loc":{"start":{"line":13,"column":24},"end":{"line":50,"column":2}}}},"branchMap":{"0":{"loc":{"start":{"line":28,"column":8},"end":{"line":38,"column":null}},"type":"cond-expr","locations":[{"start":{"line":28,"column":8},"end":{"line":38,"column":null}}]}},"s":{"0":7,"1":13,"2":13},"f":{"0":13},"b":{"0":[1]}}
,"C:/Users/Alejandro Acuaviva/OneDrive/Escritorio/marvel/src/frameworks/ui/components/CharacterCard/CharacterCard.tsx": {"path":"C:/Users/Alejandro Acuaviva/OneDrive/Escritorio/marvel/src/frameworks/ui/components/CharacterCard/CharacterCard.tsx","statementMap":{"0":{"start":{"line":11,"column":41},"end":{"line":38,"column":null}},"1":{"start":{"line":12,"column":2},"end":{"line":38,"column":null}}},"fnMap":{"0":{"name":"(anonymous_0)","decl":{"start":{"line":11,"column":41},"end":{"line":11,"column":42}},"loc":{"start":{"line":12,"column":2},"end":{"line":38,"column":null}}}},"branchMap":{"0":{"loc":{"start":{"line":22,"column":15},"end":{"line":22,"column":null}},"type":"binary-expr","locations":[{"start":{"line":22,"column":15},"end":{"line":22,"column":24}},{"start":{"line":22,"column":24},"end":{"line":22,"column":null}}]}},"s":{"0":4,"1":24},"f":{"0":24},"b":{"0":[24,4]}}
,"C:/Users/Alejandro Acuaviva/OneDrive/Escritorio/marvel/src/frameworks/ui/components/ErrorMessage/ErrorMessage.tsx": {"path":"C:/Users/Alejandro Acuaviva/OneDrive/Escritorio/marvel/src/frameworks/ui/components/ErrorMessage/ErrorMessage.tsx","statementMap":{"0":{"start":{"line":3,"column":53},"end":{"line":7,"column":null}},"1":{"start":{"line":4,"column":2},"end":{"line":7,"column":null}}},"fnMap":{"0":{"name":"(anonymous_0)","decl":{"start":{"line":3,"column":53},"end":{"line":3,"column":54}},"loc":{"start":{"line":4,"column":2},"end":{"line":7,"column":null}}}},"branchMap":{},"s":{"0":4,"1":2},"f":{"0":2},"b":{}}
,"C:/Users/Alejandro Acuaviva/OneDrive/Escritorio/marvel/src/frameworks/ui/components/FavButton/FavButton.tsx": {"path":"C:/Users/Alejandro Acuaviva/OneDrive/Escritorio/marvel/src/frameworks/ui/components/FavButton/FavButton.tsx","statementMap":{"0":{"start":{"line":13,"column":37},"end":{"line":25,"column":2}},"1":{"start":{"line":14,"column":29},"end":{"line":14,"column":null}}},"fnMap":{"0":{"name":"(anonymous_0)","decl":{"start":{"line":13,"column":37},"end":{"line":13,"column":38}},"loc":{"start":{"line":13,"column":62},"end":{"line":25,"column":2}}}},"branchMap":{"0":{"loc":{"start":{"line":18,"column":44},"end":{"line":18,"column":null}},"type":"binary-expr","locations":[{"start":{"line":18,"column":44},"end":{"line":18,"column":57}},{"start":{"line":18,"column":57},"end":{"line":18,"column":null}}]},"1":{"loc":{"start":{"line":22,"column":15},"end":{"line":22,"column":32}},"type":"cond-expr","locations":[{"start":{"line":22,"column":15},"end":{"line":22,"column":32}}]}},"s":{"0":6,"1":31},"f":{"0":31},"b":{"0":[31,1],"1":[1]}}
,"C:/Users/Alejandro Acuaviva/OneDrive/Escritorio/marvel/src/frameworks/ui/components/FavButton/hooks/useFavButton.controller.ts": {"path":"C:/Users/Alejandro Acuaviva/OneDrive/Escritorio/marvel/src/frameworks/ui/components/FavButton/hooks/useFavButton.controller.ts","statementMap":{"0":{"start":{"line":6,"column":28},"end":{"line":23,"column":2}},"1":{"start":{"line":7,"column":22},"end":{"line":7,"column":null}},"2":{"start":{"line":8,"column":38},"end":{"line":8,"column":null}},"3":{"start":{"line":10,"column":16},"end":{"line":10,"column":null}},"4":{"start":{"line":12,"column":18},"end":{"line":17,"column":null}},"5":{"start":{"line":13,"column":4},"end":{"line":13,"column":null}},"6":{"start":{"line":15,"column":4},"end":{"line":16,"column":null}},"7":{"start":{"line":15,"column":15},"end":{"line":15,"column":null}},"8":{"start":{"line":16,"column":9},"end":{"line":16,"column":null}},"9":{"start":{"line":19,"column":2},"end":{"line":22,"column":null}}},"fnMap":{"0":{"name":"(anonymous_0)","decl":{"start":{"line":6,"column":28},"end":{"line":6,"column":29}},"loc":{"start":{"line":6,"column":29},"end":{"line":23,"column":2}}},"1":{"name":"(anonymous_1)","decl":{"start":{"line":12,"column":18},"end":{"line":12,"column":19}},"loc":{"start":{"line":12,"column":19},"end":{"line":17,"column":null}}}},"branchMap":{"0":{"loc":{"start":{"line":15,"column":4},"end":{"line":16,"column":null}},"type":"if","locations":[{"start":{"line":15,"column":4},"end":{"line":16,"column":null}},{"start":{"line":16,"column":9},"end":{"line":16,"column":null}}]}},"s":{"0":6,"1":31,"2":31,"3":31,"4":31,"5":2,"6":2,"7":1,"8":1,"9":31},"f":{"0":31,"1":2},"b":{"0":[1,1]}}
,"C:/Users/Alejandro Acuaviva/OneDrive/Escritorio/marvel/src/frameworks/ui/components/Loader/Loader.tsx": {"path":"C:/Users/Alejandro Acuaviva/OneDrive/Escritorio/marvel/src/frameworks/ui/components/Loader/Loader.tsx","statementMap":{"0":{"start":{"line":3,"column":26},"end":{"line":10,"column":null}},"1":{"start":{"line":4,"column":2},"end":{"line":10,"column":null}}},"fnMap":{"0":{"name":"(anonymous_0)","decl":{"start":{"line":3,"column":26},"end":{"line":3,"column":null}},"loc":{"start":{"line":4,"column":2},"end":{"line":10,"column":null}}}},"branchMap":{},"s":{"0":4,"1":11},"f":{"0":11},"b":{}}
,"C:/Users/Alejandro Acuaviva/OneDrive/Escritorio/marvel/src/frameworks/ui/components/Searcher/Searcher.tsx": {"path":"C:/Users/Alejandro Acuaviva/OneDrive/Escritorio/marvel/src/frameworks/ui/components/Searcher/Searcher.tsx","statementMap":{"0":{"start":{"line":8,"column":36},"end":{"line":28,"column":null}},"1":{"start":{"line":9,"column":2},"end":{"line":28,"column":null}}},"fnMap":{"0":{"name":"(anonymous_0)","decl":{"start":{"line":8,"column":36},"end":{"line":8,"column":37}},"loc":{"start":{"line":9,"column":2},"end":{"line":28,"column":null}}}},"branchMap":{},"s":{"0":3,"1":15},"f":{"0":15},"b":{}}
,"C:/Users/Alejandro Acuaviva/OneDrive/Escritorio/marvel/src/frameworks/ui/context/favsContext.tsx": {"path":"C:/Users/Alejandro Acuaviva/OneDrive/Escritorio/marvel/src/frameworks/ui/context/favsContext.tsx","statementMap":{"0":{"start":{"line":14,"column":27},"end":{"line":16,"column":3}},"1":{"start":{"line":18,"column":48},"end":{"line":34,"column":2}},"2":{"start":{"line":19,"column":36},"end":{"line":19,"column":null}},"3":{"start":{"line":21,"column":17},"end":{"line":23,"column":null}},"4":{"start":{"line":22,"column":4},"end":{"line":22,"column":null}},"5":{"start":{"line":22,"column":27},"end":{"line":22,"column":null}},"6":{"start":{"line":25,"column":20},"end":{"line":27,"column":null}},"7":{"start":{"line":26,"column":4},"end":{"line":26,"column":null}},"8":{"start":{"line":26,"column":27},"end":{"line":26,"column":null}},"9":{"start":{"line":26,"column":46},"end":{"line":26,"column":67}}},"fnMap":{"0":{"name":"(anonymous_0)","decl":{"start":{"line":18,"column":48},"end":{"line":18,"column":49}},"loc":{"start":{"line":18,"column":61},"end":{"line":34,"column":2}}},"1":{"name":"(anonymous_1)","decl":{"start":{"line":21,"column":17},"end":{"line":21,"column":18}},"loc":{"start":{"line":21,"column":18},"end":{"line":23,"column":null}}},"2":{"name":"(anonymous_2)","decl":{"start":{"line":22,"column":17},"end":{"line":22,"column":18}},"loc":{"start":{"line":22,"column":27},"end":{"line":22,"column":null}}},"3":{"name":"(anonymous_3)","decl":{"start":{"line":25,"column":20},"end":{"line":25,"column":21}},"loc":{"start":{"line":25,"column":21},"end":{"line":27,"column":null}}},"4":{"name":"(anonymous_4)","decl":{"start":{"line":26,"column":17},"end":{"line":26,"column":18}},"loc":{"start":{"line":26,"column":27},"end":{"line":26,"column":null}}},"5":{"name":"(anonymous_5)","decl":{"start":{"line":26,"column":39},"end":{"line":26,"column":40}},"loc":{"start":{"line":26,"column":46},"end":{"line":26,"column":67}}}},"branchMap":{},"s":{"0":8,"1":8,"2":15,"3":15,"4":1,"5":1,"6":15,"7":1,"8":1,"9":1},"f":{"0":15,"1":1,"2":1,"3":1,"4":1,"5":1},"b":{}}
,"C:/Users/Alejandro Acuaviva/OneDrive/Escritorio/marvel/src/frameworks/ui/hooks/useScrollUp.ts": {"path":"C:/Users/Alejandro Acuaviva/OneDrive/Escritorio/marvel/src/frameworks/ui/hooks/useScrollUp.ts","statementMap":{"0":{"start":{"line":3,"column":27},"end":{"line":7,"column":2}},"1":{"start":{"line":4,"column":2},"end":{"line":6,"column":null}},"2":{"start":{"line":5,"column":4},"end":{"line":5,"column":null}}},"fnMap":{"0":{"name":"(anonymous_0)","decl":{"start":{"line":3,"column":27},"end":{"line":3,"column":null}},"loc":{"start":{"line":3,"column":27},"end":{"line":7,"column":2}}},"1":{"name":"(anonymous_1)","decl":{"start":{"line":4,"column":18},"end":{"line":4,"column":null}},"loc":{"start":{"line":4,"column":18},"end":{"line":6,"column":5}}}},"branchMap":{},"s":{"0":4,"1":16,"2":9},"f":{"0":16,"1":9},"b":{}}
,"C:/Users/Alejandro Acuaviva/OneDrive/Escritorio/marvel/src/frameworks/ui/icons/FavOffIcon.tsx": {"path":"C:/Users/Alejandro Acuaviva/OneDrive/Escritorio/marvel/src/frameworks/ui/icons/FavOffIcon.tsx","statementMap":{"0":{"start":{"line":1,"column":26},"end":{"line":14,"column":null}},"1":{"start":{"line":2,"column":2},"end":{"line":14,"column":null}}},"fnMap":{"0":{"name":"(anonymous_0)","decl":{"start":{"line":1,"column":26},"end":{"line":1,"column":null}},"loc":{"start":{"line":2,"column":2},"end":{"line":14,"column":null}}}},"branchMap":{},"s":{"0":6,"1":30},"f":{"0":30},"b":{}}
,"C:/Users/Alejandro Acuaviva/OneDrive/Escritorio/marvel/src/frameworks/ui/icons/FavOnIcon.tsx": {"path":"C:/Users/Alejandro Acuaviva/OneDrive/Escritorio/marvel/src/frameworks/ui/icons/FavOnIcon.tsx","statementMap":{"0":{"start":{"line":1,"column":25},"end":{"line":16,"column":null}},"1":{"start":{"line":2,"column":2},"end":{"line":16,"column":null}}},"fnMap":{"0":{"name":"(anonymous_0)","decl":{"start":{"line":1,"column":25},"end":{"line":1,"column":null}},"loc":{"start":{"line":2,"column":2},"end":{"line":16,"column":null}}}},"branchMap":{},"s":{"0":6,"1":2},"f":{"0":2},"b":{}}
,"C:/Users/Alejandro Acuaviva/OneDrive/Escritorio/marvel/src/frameworks/ui/layouts/CharactersListLayout/CharactersListLayout.tsx": {"path":"C:/Users/Alejandro Acuaviva/OneDrive/Escritorio/marvel/src/frameworks/ui/layouts/CharactersListLayout/CharactersListLayout.tsx","statementMap":{"0":{"start":{"line":11,"column":48},"end":{"line":29,"column":2}},"1":{"start":{"line":13,"column":4},"end":{"line":13,"column":null}}},"fnMap":{"0":{"name":"(anonymous_0)","decl":{"start":{"line":11,"column":48},"end":{"line":11,"column":49}},"loc":{"start":{"line":11,"column":63},"end":{"line":29,"column":2}}}},"branchMap":{},"s":{"0":3,"1":16},"f":{"0":16},"b":{}}
,"C:/Users/Alejandro Acuaviva/OneDrive/Escritorio/marvel/src/frameworks/ui/layouts/CharactersListLayout/hooks/useCharactersListLayout.controller.ts": {"path":"C:/Users/Alejandro Acuaviva/OneDrive/Escritorio/marvel/src/frameworks/ui/layouts/CharactersListLayout/hooks/useCharactersListLayout.controller.ts","statementMap":{"0":{"start":{"line":4,"column":49},"end":{"line":28,"column":2}},"1":{"start":{"line":6,"column":4},"end":{"line":6,"column":null}},"2":{"start":{"line":7,"column":44},"end":{"line":7,"column":null}},"3":{"start":{"line":9,"column":27},"end":{"line":17,"column":null}},"4":{"start":{"line":10,"column":18},"end":{"line":10,"column":32}},"5":{"start":{"line":11,"column":4},"end":{"line":11,"column":null}},"6":{"start":{"line":13,"column":31},"end":{"line":14,"column":null}},"7":{"start":{"line":14,"column":6},"end":{"line":14,"column":null}},"8":{"start":{"line":16,"column":4},"end":{"line":16,"column":null}},"9":{"start":{"line":19,"column":2},"end":{"line":21,"column":null}},"10":{"start":{"line":20,"column":4},"end":{"line":20,"column":null}},"11":{"start":{"line":23,"column":2},"end":{"line":27,"column":null}}},"fnMap":{"0":{"name":"(anonymous_0)","decl":{"start":{"line":4,"column":49},"end":{"line":4,"column":50}},"loc":{"start":{"line":4,"column":50},"end":{"line":28,"column":2}}},"1":{"name":"(anonymous_1)","decl":{"start":{"line":9,"column":27},"end":{"line":9,"column":28}},"loc":{"start":{"line":9,"column":28},"end":{"line":17,"column":null}}},"2":{"name":"(anonymous_2)","decl":{"start":{"line":13,"column":49},"end":{"line":13,"column":50}},"loc":{"start":{"line":14,"column":6},"end":{"line":14,"column":null}}},"3":{"name":"(anonymous_3)","decl":{"start":{"line":19,"column":12},"end":{"line":19,"column":null}},"loc":{"start":{"line":19,"column":12},"end":{"line":21,"column":5}}}},"branchMap":{},"s":{"0":3,"1":16,"2":16,"3":16,"4":11,"5":11,"6":11,"7":44,"8":11,"9":16,"10":4,"11":16},"f":{"0":16,"1":11,"2":44,"3":4},"b":{}}
,"C:/Users/Alejandro Acuaviva/OneDrive/Escritorio/marvel/src/frameworks/ui/layouts/MainLayout/MainLayout.tsx": {"path":"C:/Users/Alejandro Acuaviva/OneDrive/Escritorio/marvel/src/frameworks/ui/layouts/MainLayout/MainLayout.tsx","statementMap":{"0":{"start":{"line":5,"column":30},"end":{"line":12,"column":null}},"1":{"start":{"line":6,"column":2},"end":{"line":12,"column":null}}},"fnMap":{"0":{"name":"(anonymous_0)","decl":{"start":{"line":5,"column":30},"end":{"line":5,"column":null}},"loc":{"start":{"line":6,"column":2},"end":{"line":12,"column":null}}}},"branchMap":{},"s":{"0":1,"1":2},"f":{"0":2},"b":{}}
,"C:/Users/Alejandro Acuaviva/OneDrive/Escritorio/marvel/src/frameworks/ui/layouts/MainLayout/components/Header/Header.tsx": {"path":"C:/Users/Alejandro Acuaviva/OneDrive/Escritorio/marvel/src/frameworks/ui/layouts/MainLayout/components/Header/Header.tsx","statementMap":{"0":{"start":{"line":6,"column":26},"end":{"line":25,"column":2}},"1":{"start":{"line":7,"column":19},"end":{"line":7,"column":null}}},"fnMap":{"0":{"name":"(anonymous_0)","decl":{"start":{"line":6,"column":26},"end":{"line":6,"column":null}},"loc":{"start":{"line":6,"column":26},"end":{"line":25,"column":2}}}},"branchMap":{},"s":{"0":1,"1":1},"f":{"0":1},"b":{}}
,"C:/Users/Alejandro Acuaviva/OneDrive/Escritorio/marvel/src/frameworks/ui/layouts/MainLayout/components/Header/hooks/useHeader.controller.ts": {"path":"C:/Users/Alejandro Acuaviva/OneDrive/Escritorio/marvel/src/frameworks/ui/layouts/MainLayout/components/Header/hooks/useHeader.controller.ts","statementMap":{"0":{"start":{"line":4,"column":35},"end":{"line":11,"column":2}},"1":{"start":{"line":5,"column":22},"end":{"line":5,"column":null}},"2":{"start":{"line":6,"column":19},"end":{"line":6,"column":null}},"3":{"start":{"line":8,"column":2},"end":{"line":10,"column":null}}},"fnMap":{"0":{"name":"(anonymous_0)","decl":{"start":{"line":4,"column":35},"end":{"line":4,"column":null}},"loc":{"start":{"line":4,"column":35},"end":{"line":11,"column":2}}}},"branchMap":{},"s":{"0":1,"1":1,"2":1,"3":1},"f":{"0":1},"b":{}}
,"C:/Users/Alejandro Acuaviva/OneDrive/Escritorio/marvel/src/frameworks/ui/pages/CharacterDetailsPage/CharacterDetailsPage.tsx": {"path":"C:/Users/Alejandro Acuaviva/OneDrive/Escritorio/marvel/src/frameworks/ui/pages/CharacterDetailsPage/CharacterDetailsPage.tsx","statementMap":{"0":{"start":{"line":8,"column":33},"end":{"line":53,"column":null}},"1":{"start":{"line":10,"column":4},"end":{"line":10,"column":null}},"2":{"start":{"line":12,"column":2},"end":{"line":12,"column":null}},"3":{"start":{"line":19,"column":2},"end":{"line":19,"column":null}},"4":{"start":{"line":19,"column":41},"end":{"line":19,"column":null}}},"fnMap":{"0":{"name":"(anonymous_0)","decl":{"start":{"line":8,"column":33},"end":{"line":8,"column":null}},"loc":{"start":{"line":8,"column":33},"end":{"line":53,"column":null}}}},"branchMap":{"0":{"loc":{"start":{"line":15,"column":6},"end":{"line":15,"column":null}},"type":"binary-expr","locations":[{"start":{"line":15,"column":6},"end":{"line":15,"column":21}},{"start":{"line":15,"column":21},"end":{"line":15,"column":null}}]},"1":{"loc":{"start":{"line":19,"column":2},"end":{"line":19,"column":null}},"type":"if","locations":[{"start":{"line":19,"column":2},"end":{"line":19,"column":null}},{"start":{"line":19,"column":2},"end":{"line":19,"column":null}}]},"2":{"loc":{"start":{"line":19,"column":6},"end":{"line":19,"column":41}},"type":"binary-expr","locations":[{"start":{"line":19,"column":6},"end":{"line":19,"column":20}},{"start":{"line":19,"column":20},"end":{"line":19,"column":32}},{"start":{"line":19,"column":32},"end":{"line":19,"column":41}}]},"3":{"loc":{"start":{"line":31,"column":19},"end":{"line":31,"column":null}},"type":"binary-expr","locations":[{"start":{"line":31,"column":19},"end":{"line":31,"column":32}},{"start":{"line":31,"column":36},"end":{"line":31,"column":null}}]},"4":{"loc":{"start":{"line":45,"column":15},"end":{"line":45,"column":null}},"type":"binary-expr","locations":[{"start":{"line":45,"column":15},"end":{"line":45,"column":34}},{"start":{"line":45,"column":38},"end":{"line":45,"column":null}}]}},"s":{"0":2,"1":10,"2":8,"3":4,"4":1},"f":{"0":10},"b":{"0":[4,4],"1":[1,3],"2":[4,3,3],"3":[3,1],"4":[3,3]}}
,"C:/Users/Alejandro Acuaviva/OneDrive/Escritorio/marvel/src/frameworks/ui/pages/CharacterDetailsPage/components/ComicsSlider/ComicsSlider.tsx": {"path":"C:/Users/Alejandro Acuaviva/OneDrive/Escritorio/marvel/src/frameworks/ui/pages/CharacterDetailsPage/components/ComicsSlider/ComicsSlider.tsx","statementMap":{"0":{"start":{"line":10,"column":40},"end":{"line":55,"column":2}},"1":{"start":{"line":18,"column":6},"end":{"line":18,"column":null}}},"fnMap":{"0":{"name":"(anonymous_0)","decl":{"start":{"line":10,"column":40},"end":{"line":10,"column":41}},"loc":{"start":{"line":10,"column":51},"end":{"line":55,"column":2}}}},"branchMap":{"0":{"loc":{"start":{"line":39,"column":10},"end":{"line":50,"column":11}},"type":"cond-expr","locations":[{"start":{"line":39,"column":10},"end":{"line":50,"column":11}}]}},"s":{"0":3,"1":4},"f":{"0":4},"b":{"0":[4]}}
,"C:/Users/Alejandro Acuaviva/OneDrive/Escritorio/marvel/src/frameworks/ui/pages/CharacterDetailsPage/components/ComicsSlider/components/Comic/Comic.tsx": {"path":"C:/Users/Alejandro Acuaviva/OneDrive/Escritorio/marvel/src/frameworks/ui/pages/CharacterDetailsPage/components/ComicsSlider/components/Comic/Comic.tsx","statementMap":{"0":{"start":{"line":9,"column":33},"end":{"line":21,"column":2}}},"fnMap":{"0":{"name":"(anonymous_0)","decl":{"start":{"line":9,"column":33},"end":{"line":9,"column":34}},"loc":{"start":{"line":9,"column":56},"end":{"line":21,"column":2}}}},"branchMap":{"0":{"loc":{"start":{"line":13,"column":18},"end":{"line":13,"column":50}},"type":"binary-expr","locations":[{"start":{"line":13,"column":18},"end":{"line":13,"column":27}},{"start":{"line":13,"column":27},"end":{"line":13,"column":50}}]}},"s":{"0":4},"f":{"0":13},"b":{"0":[13,1]}}
,"C:/Users/Alejandro Acuaviva/OneDrive/Escritorio/marvel/src/frameworks/ui/pages/CharacterDetailsPage/components/ComicsSlider/hooks/useComicsSlider.controller.ts": {"path":"C:/Users/Alejandro Acuaviva/OneDrive/Escritorio/marvel/src/frameworks/ui/pages/CharacterDetailsPage/components/ComicsSlider/hooks/useComicsSlider.controller.ts","statementMap":{"0":{"start":{"line":3,"column":41},"end":{"line":40,"column":2}},"1":{"start":{"line":4,"column":23},"end":{"line":4,"column":null}},"2":{"start":{"line":5,"column":21},"end":{"line":5,"column":null}},"3":{"start":{"line":6,"column":17},"end":{"line":6,"column":null}},"4":{"start":{"line":7,"column":21},"end":{"line":7,"column":null}},"5":{"start":{"line":9,"column":26},"end":{"line":15,"column":null}},"6":{"start":{"line":10,"column":4},"end":{"line":14,"column":null}},"7":{"start":{"line":11,"column":6},"end":{"line":11,"column":null}},"8":{"start":{"line":12,"column":6},"end":{"line":12,"column":null}},"9":{"start":{"line":13,"column":6},"end":{"line":13,"column":null}},"10":{"start":{"line":17,"column":26},"end":{"line":23,"column":null}},"11":{"start":{"line":18,"column":4},"end":{"line":18,"column":null}},"12":{"start":{"line":18,"column":54},"end":{"line":18,"column":null}},"13":{"start":{"line":19,"column":4},"end":{"line":19,"column":null}},"14":{"start":{"line":20,"column":14},"end":{"line":20,"column":55}},"15":{"start":{"line":21,"column":17},"end":{"line":21,"column":35}},"16":{"start":{"line":22,"column":4},"end":{"line":22,"column":null}},"17":{"start":{"line":25,"column":24},"end":{"line":27,"column":null}},"18":{"start":{"line":26,"column":4},"end":{"line":26,"column":null}},"19":{"start":{"line":29,"column":27},"end":{"line":31,"column":null}},"20":{"start":{"line":30,"column":4},"end":{"line":30,"column":null}},"21":{"start":{"line":33,"column":2},"end":{"line":39,"column":null}}},"fnMap":{"0":{"name":"(anonymous_0)","decl":{"start":{"line":3,"column":41},"end":{"line":3,"column":null}},"loc":{"start":{"line":3,"column":41},"end":{"line":40,"column":2}}},"1":{"name":"(anonymous_1)","decl":{"start":{"line":9,"column":26},"end":{"line":9,"column":27}},"loc":{"start":{"line":9,"column":27},"end":{"line":15,"column":null}}},"2":{"name":"(anonymous_2)","decl":{"start":{"line":17,"column":26},"end":{"line":17,"column":27}},"loc":{"start":{"line":17,"column":27},"end":{"line":23,"column":null}}},"3":{"name":"(anonymous_3)","decl":{"start":{"line":25,"column":24},"end":{"line":25,"column":null}},"loc":{"start":{"line":25,"column":24},"end":{"line":27,"column":null}}},"4":{"name":"(anonymous_4)","decl":{"start":{"line":29,"column":27},"end":{"line":29,"column":null}},"loc":{"start":{"line":29,"column":27},"end":{"line":31,"column":null}}}},"branchMap":{"0":{"loc":{"start":{"line":10,"column":4},"end":{"line":14,"column":null}},"type":"if","locations":[{"start":{"line":10,"column":4},"end":{"line":14,"column":null}},{"start":{"line":10,"column":4},"end":{"line":14,"column":null}}]},"1":{"loc":{"start":{"line":18,"column":4},"end":{"line":18,"column":null}},"type":"if","locations":[{"start":{"line":18,"column":4},"end":{"line":18,"column":null}},{"start":{"line":18,"column":4},"end":{"line":18,"column":null}}]},"2":{"loc":{"start":{"line":18,"column":8},"end":{"line":18,"column":52}},"type":"binary-expr","locations":[{"start":{"line":18,"column":8},"end":{"line":18,"column":27}},{"start":{"line":18,"column":31},"end":{"line":18,"column":52}}]}},"s":{"0":4,"1":5,"2":5,"3":5,"4":5,"5":5,"6":2,"7":1,"8":1,"9":1,"10":5,"11":2,"12":1,"13":1,"14":1,"15":1,"16":1,"17":5,"18":3,"19":5,"20":2,"21":5},"f":{"0":5,"1":2,"2":2,"3":3,"4":2},"b":{"0":[1,1],"1":[1,1],"2":[2,1]}}
,"C:/Users/Alejandro Acuaviva/OneDrive/Escritorio/marvel/src/frameworks/ui/pages/CharacterDetailsPage/hooks/useCharacterDetailsPage.controller.ts": {"path":"C:/Users/Alejandro Acuaviva/OneDrive/Escritorio/marvel/src/frameworks/ui/pages/CharacterDetailsPage/hooks/useCharacterDetailsPage.controller.ts","statementMap":{"0":{"start":{"line":6,"column":49},"end":{"line":43,"column":2}},"1":{"start":{"line":7,"column":2},"end":{"line":7,"column":null}},"2":{"start":{"line":14,"column":6},"end":{"line":14,"column":null}},"3":{"start":{"line":21,"column":6},"end":{"line":21,"column":null}},"4":{"start":{"line":23,"column":39},"end":{"line":29,"column":null}},"5":{"start":{"line":31,"column":2},"end":{"line":42,"column":null}}},"fnMap":{"0":{"name":"(anonymous_0)","decl":{"start":{"line":6,"column":49},"end":{"line":6,"column":null}},"loc":{"start":{"line":6,"column":49},"end":{"line":43,"column":2}}}},"branchMap":{"0":{"loc":{"start":{"line":23,"column":39},"end":{"line":29,"column":null}},"type":"cond-expr","locations":[{"start":{"line":24,"column":6},"end":{"line":28,"column":null}},{"start":{"line":29,"column":6},"end":{"line":29,"column":null}}]},"1":{"loc":{"start":{"line":34,"column":12},"end":{"line":34,"column":28}},"type":"binary-expr","locations":[{"start":{"line":34,"column":12},"end":{"line":34,"column":26}},{"start":{"line":34,"column":26},"end":{"line":34,"column":28}}]},"2":{"loc":{"start":{"line":36,"column":6},"end":{"line":39,"column":null}},"type":"binary-expr","locations":[{"start":{"line":36,"column":6},"end":{"line":36,"column":null}},{"start":{"line":37,"column":6},"end":{"line":37,"column":null}},{"start":{"line":38,"column":6},"end":{"line":38,"column":null}},{"start":{"line":39,"column":6},"end":{"line":39,"column":null}}]}},"s":{"0":2,"1":9,"2":7,"3":7,"4":7,"5":7},"f":{"0":9},"b":{"0":[3,4],"1":[7,4],"2":[7,3,3,3]}}
,"C:/Users/Alejandro Acuaviva/OneDrive/Escritorio/marvel/src/frameworks/ui/pages/CharactersListPage/CharactersListPage.tsx": {"path":"C:/Users/Alejandro Acuaviva/OneDrive/Escritorio/marvel/src/frameworks/ui/pages/CharactersListPage/CharactersListPage.tsx","statementMap":{"0":{"start":{"line":7,"column":31},"end":{"line":15,"column":null}},"1":{"start":{"line":8,"column":43},"end":{"line":8,"column":null}}},"fnMap":{"0":{"name":"(anonymous_0)","decl":{"start":{"line":7,"column":31},"end":{"line":7,"column":null}},"loc":{"start":{"line":7,"column":31},"end":{"line":15,"column":null}}}},"branchMap":{},"s":{"0":2,"1":5},"f":{"0":5},"b":{}}
,"C:/Users/Alejandro Acuaviva/OneDrive/Escritorio/marvel/src/frameworks/ui/pages/CharactersListPage/hooks/useCharactersListPage.controller.ts": {"path":"C:/Users/Alejandro Acuaviva/OneDrive/Escritorio/marvel/src/frameworks/ui/pages/CharactersListPage/hooks/useCharactersListPage.controller.ts","statementMap":{"0":{"start":{"line":4,"column":47},"end":{"line":14,"column":2}},"1":{"start":{"line":5,"column":2},"end":{"line":5,"column":null}},"2":{"start":{"line":7,"column":49},"end":{"line":7,"column":null}},"3":{"start":{"line":9,"column":2},"end":{"line":13,"column":null}}},"fnMap":{"0":{"name":"(anonymous_0)","decl":{"start":{"line":4,"column":47},"end":{"line":4,"column":null}},"loc":{"start":{"line":4,"column":47},"end":{"line":14,"column":2}}}},"branchMap":{"0":{"loc":{"start":{"line":10,"column":16},"end":{"line":10,"column":26}},"type":"binary-expr","locations":[{"start":{"line":10,"column":16},"end":{"line":10,"column":24}},{"start":{"line":10,"column":24},"end":{"line":10,"column":26}}]},"1":{"loc":{"start":{"line":11,"column":15},"end":{"line":11,"column":null}},"type":"binary-expr","locations":[{"start":{"line":11,"column":15},"end":{"line":11,"column":28}},{"start":{"line":11,"column":28},"end":{"line":11,"column":null}}]}},"s":{"0":2,"1":5,"2":5,"3":5},"f":{"0":5},"b":{"0":[5,3],"1":[5,2]}}
,"C:/Users/Alejandro Acuaviva/OneDrive/Escritorio/marvel/src/frameworks/ui/pages/FavsListPage/FavsListPage.tsx": {"path":"C:/Users/Alejandro Acuaviva/OneDrive/Escritorio/marvel/src/frameworks/ui/pages/FavsListPage/FavsListPage.tsx","statementMap":{"0":{"start":{"line":5,"column":25},"end":{"line":9,"column":null}},"1":{"start":{"line":6,"column":19},"end":{"line":6,"column":null}}},"fnMap":{"0":{"name":"(anonymous_0)","decl":{"start":{"line":5,"column":25},"end":{"line":5,"column":null}},"loc":{"start":{"line":5,"column":25},"end":{"line":9,"column":null}}}},"branchMap":{},"s":{"0":2,"1":2},"f":{"0":2},"b":{}}
,"C:/Users/Alejandro Acuaviva/OneDrive/Escritorio/marvel/src/frameworks/ui/pages/FavsListPage/hooks/useFavsListPage.controller.ts": {"path":"C:/Users/Alejandro Acuaviva/OneDrive/Escritorio/marvel/src/frameworks/ui/pages/FavsListPage/hooks/useFavsListPage.controller.ts","statementMap":{"0":{"start":{"line":5,"column":41},"end":{"line":12,"column":2}},"1":{"start":{"line":6,"column":22},"end":{"line":6,"column":null}},"2":{"start":{"line":7,"column":19},"end":{"line":7,"column":null}},"3":{"start":{"line":9,"column":2},"end":{"line":9,"column":null}},"4":{"start":{"line":11,"column":2},"end":{"line":11,"column":null}}},"fnMap":{"0":{"name":"(anonymous_0)","decl":{"start":{"line":5,"column":41},"end":{"line":5,"column":null}},"loc":{"start":{"line":5,"column":41},"end":{"line":12,"column":2}}}},"branchMap":{},"s":{"0":2,"1":2,"2":2,"3":2,"4":2},"f":{"0":2},"b":{}}
,"C:/Users/Alejandro Acuaviva/OneDrive/Escritorio/marvel/src/frameworks/ui/routes/index.tsx": {"path":"C:/Users/Alejandro Acuaviva/OneDrive/Escritorio/marvel/src/frameworks/ui/routes/index.tsx","statementMap":{"0":{"start":{"line":5,"column":26},"end":{"line":6,"column":null}},"1":{"start":{"line":6,"column":8},"end":{"line":6,"column":null}},"2":{"start":{"line":8,"column":21},"end":{"line":8,"column":null}},"3":{"start":{"line":8,"column":32},"end":{"line":8,"column":null}},"4":{"start":{"line":9,"column":29},"end":{"line":10,"column":null}},"5":{"start":{"line":10,"column":8},"end":{"line":10,"column":null}},"6":{"start":{"line":12,"column":21},"end":{"line":12,"column":null}},"7":{"start":{"line":12,"column":32},"end":{"line":12,"column":null}},"8":{"start":{"line":14,"column":22},"end":{"line":25,"column":null}}},"fnMap":{"0":{"name":"(anonymous_0)","decl":{"start":{"line":6,"column":2},"end":{"line":6,"column":8}},"loc":{"start":{"line":6,"column":8},"end":{"line":6,"column":null}}},"1":{"name":"(anonymous_1)","decl":{"start":{"line":8,"column":26},"end":{"line":8,"column":32}},"loc":{"start":{"line":8,"column":32},"end":{"line":8,"column":null}}},"2":{"name":"(anonymous_2)","decl":{"start":{"line":10,"column":2},"end":{"line":10,"column":8}},"loc":{"start":{"line":10,"column":8},"end":{"line":10,"column":null}}},"3":{"name":"(anonymous_3)","decl":{"start":{"line":12,"column":26},"end":{"line":12,"column":32}},"loc":{"start":{"line":12,"column":32},"end":{"line":12,"column":null}}},"4":{"name":"(anonymous_4)","decl":{"start":{"line":14,"column":22},"end":{"line":14,"column":null}},"loc":{"start":{"line":14,"column":22},"end":{"line":25,"column":null}}}},"branchMap":{},"s":{"0":1,"1":1,"2":1,"3":1,"4":1,"5":1,"6":1,"7":1,"8":1},"f":{"0":1,"1":1,"2":1,"3":1,"4":2},"b":{}}
,"C:/Users/Alejandro Acuaviva/OneDrive/Escritorio/marvel/src/utils/getIsFav.ts": {"path":"C:/Users/Alejandro Acuaviva/OneDrive/Escritorio/marvel/src/utils/getIsFav.ts","statementMap":{"0":{"start":{"line":3,"column":24},"end":{"line":5,"column":2}},"1":{"start":{"line":4,"column":2},"end":{"line":4,"column":null}},"2":{"start":{"line":4,"column":26},"end":{"line":4,"column":null}}},"fnMap":{"0":{"name":"(anonymous_0)","decl":{"start":{"line":3,"column":24},"end":{"line":3,"column":25}},"loc":{"start":{"line":3,"column":46},"end":{"line":5,"column":2}}},"1":{"name":"(anonymous_1)","decl":{"start":{"line":4,"column":19},"end":{"line":4,"column":20}},"loc":{"start":{"line":4,"column":26},"end":{"line":4,"column":null}}}},"branchMap":{},"s":{"0":6,"1":31,"2":1},"f":{"0":31,"1":1},"b":{}}
}
